<?xml version="1.0" encoding="UTF-8"?><testsuite errors="0" failures="0" name="uk.gov.hmcts.reform.lrdapi.RetrieveOrgServiceDetailsIntegrationTest" skipped="0" tests="10" time="1.65" timestamp="2021-04-30 11:52:21"><testcase classname="uk.gov.hmcts.reform.lrdapi.RetrieveOrgServiceDetailsIntegrationTest" name="Return org service details by ccd service name200"/><testcase classname="uk.gov.hmcts.reform.lrdapi.RetrieveOrgServiceDetailsIntegrationTest" name="Returns org service details by service code with status code200"/><testcase classname="uk.gov.hmcts.reform.lrdapi.RetrieveOrgServiceDetailsIntegrationTest" name="Returns launch darkly forbidden when delete minimal pending organisation with invalid flag"/><testcase classname="uk.gov.hmcts.reform.lrdapi.RetrieveOrgServiceDetailsIntegrationTest" name="Return org service details by ccd case type code200"/><testcase classname="uk.gov.hmcts.reform.lrdapi.RetrieveOrgServiceDetailsIntegrationTest" name="Return org service details by ccd service name not found404"/><testcase classname="uk.gov.hmcts.reform.lrdapi.RetrieveOrgServiceDetailsIntegrationTest" name="Do not return org service details by unknown ccd case type code 404"/><testcase classname="uk.gov.hmcts.reform.lrdapi.RetrieveOrgServiceDetailsIntegrationTest" name="Return org service details by ccd service name all200"/><testcase classname="uk.gov.hmcts.reform.lrdapi.RetrieveOrgServiceDetailsIntegrationTest" name="Return org service details by ccd case type ignore case code200"/><testcase classname="uk.gov.hmcts.reform.lrdapi.RetrieveOrgServiceDetailsIntegrationTest" name="Do not return org service details by unknown service code 404"/><testcase classname="uk.gov.hmcts.reform.lrdapi.RetrieveOrgServiceDetailsIntegrationTest" name="Returns org service details without input params 200"/></testsuite>